[GIN-debug] POST   /api/v1/support/cases/:id/reply --> saversure/internal/support.(*Handler).Reply-fm (7 handlers)
[GIN-debug] GET    /api/v1/support/my-cases  --> saversure/internal/support.(*Handler).ListUserCases-fm (6 handlers)
[GIN-debug] POST   /api/v1/support/my-cases  --> saversure/internal/support.(*Handler).CreateCase-fm (6 handlers)
[GIN-debug] GET    /api/v1/support/my-cases/:id --> saversure/internal/support.(*Handler).GetCase-fm (6 handlers)
[GIN-debug] POST   /api/v1/support/my-cases/:id/reply --> saversure/internal/support.(*Handler).Reply-fm (6 handlers)
[GIN-debug] GET    /api/v1/lucky-draw        --> saversure/internal/luckydraw.(*Handler).ListCampaigns-fm (7 handlers)
[GIN-debug] GET    /api/v1/lucky-draw/:id    --> saversure/internal/luckydraw.(*Handler).GetCampaign-fm (7 handlers)
[GIN-debug] POST   /api/v1/lucky-draw        --> saversure/internal/luckydraw.(*Handler).CreateCampaign-fm (7 handlers)
[GIN-debug] PATCH  /api/v1/lucky-draw/:id    --> saversure/internal/luckydraw.(*Handler).UpdateCampaign-fm (7 handlers)
[GIN-debug] POST   /api/v1/lucky-draw/:id/prizes --> saversure/internal/luckydraw.(*Handler).AddPrize-fm (7 handlers)
[GIN-debug] DELETE /api/v1/lucky-draw/:id/prizes/:prizeId --> saversure/internal/luckydraw.(*Handler).DeletePrize-fm (7 handlers)
[GIN-debug] POST   /api/v1/lucky-draw/:id/draw --> saversure/internal/luckydraw.(*Handler).DrawWinners-fm (7 handlers)
[GIN-debug] GET    /api/v1/lucky-draw/:id/winners --> saversure/internal/luckydraw.(*Handler).GetWinners-fm (7 handlers)
[GIN-debug] GET    /api/v1/public/lucky-draw --> saversure/internal/luckydraw.(*Handler).ListActiveCampaigns-fm (6 handlers)
[GIN-debug] GET    /api/v1/public/lucky-draw/:id --> saversure/internal/luckydraw.(*Handler).GetCampaign-fm (6 handlers)
[GIN-debug] POST   /api/v1/my/lucky-draw/:id/register --> saversure/internal/luckydraw.(*Handler).Register-fm (6 handlers)
[GIN-debug] GET    /api/v1/my/lucky-draw/:id/tickets --> saversure/internal/luckydraw.(*Handler).GetUserTickets-fm (6 handlers)
[GIN-debug] GET    /api/v1/currencies        --> saversure/internal/currency.(*Handler).List-fm (7 handlers)
[GIN-debug] POST   /api/v1/currencies        --> saversure/internal/currency.(*Handler).Create-fm (7 handlers)
[GIN-debug] PATCH  /api/v1/currencies/:id    --> saversure/internal/currency.(*Handler).Update-fm (7 handlers)
[GIN-debug] DELETE /api/v1/currencies/:id    --> saversure/internal/currency.(*Handler).Delete-fm (7 handlers)
[GIN-debug] POST   /api/v1/currencies/:code/convert --> saversure/internal/currency.(*Handler).Convert-fm (7 handlers)
[GIN-debug] GET    /api/v1/donations         --> saversure/internal/donation.(*Handler).List-fm (7 handlers)
[GIN-debug] POST   /api/v1/donations         --> saversure/internal/donation.(*Handler).Create-fm (7 handlers)
[GIN-debug] PATCH  /api/v1/donations/:id     --> saversure/internal/donation.(*Handler).Update-fm (7 handlers)
[GIN-debug] GET    /api/v1/donations/:id/history --> saversure/internal/donation.(*Handler).GetHistory-fm (7 handlers)
[GIN-debug] GET    /api/v1/notifications     --> saversure/internal/notification.(*Handler).List-fm (6 handlers)
[GIN-debug] GET    /api/v1/notifications/unread-count --> saversure/internal/notification.(*Handler).UnreadCount-fm (6 handlers)
[GIN-debug] PATCH  /api/v1/notifications/:id/read --> saversure/internal/notification.(*Handler).MarkRead-fm (6 handlers)
[GIN-debug] POST   /api/v1/notifications/read-all --> saversure/internal/notification.(*Handler).MarkAllRead-fm (6 handlers)
[GIN-debug] GET    /api/v1/tiers             --> saversure/internal/tier.(*Handler).List-fm (7 handlers)
[GIN-debug] POST   /api/v1/tiers             --> saversure/internal/tier.(*Handler).Create-fm (7 handlers)
[GIN-debug] PATCH  /api/v1/tiers/:id         --> saversure/internal/tier.(*Handler).Update-fm (7 handlers)
[GIN-debug] DELETE /api/v1/tiers/:id         --> saversure/internal/tier.(*Handler).Delete-fm (7 handlers)
[GIN-debug] GET    /api/v1/branding          --> saversure/internal/branding.(*Handler).Get-fm (7 handlers)
[GIN-debug] PUT    /api/v1/branding          --> saversure/internal/branding.(*Handler).Update-fm (7 handlers)
[GIN-debug] POST   /api/v1/linebot/send      --> saversure/internal/linebot.(*Handler).SendMessage-fm (7 handlers)
[GIN-debug] POST   /api/v1/linebot/broadcast --> saversure/internal/linebot.(*Handler).Broadcast-fm (7 handlers)
[GIN-debug] POST   /api/v1/linebot/rich-menu --> saversure/internal/linebot.(*Handler).CreateRichMenu-fm (7 handlers)
[GIN-debug] GET    /api/v1/linebot/rich-menu --> saversure/internal/linebot.(*Handler).ListRichMenus-fm (7 handlers)
[GIN-debug] GET    /api/v1/ops/digest        --> saversure/internal/opsdigest.(*Handler).GetDigest-fm (7 handlers)
[GIN-debug] GET    /api/v1/ops/alerts        --> saversure/internal/opsdigest.(*Handler).GetAlerts-fm (7 handlers)
[GIN-debug] GET    /api/v1/fulfillment       --> saversure/internal/fulfillment.(*Handler).List-fm (7 handlers)
[GIN-debug] PATCH  /api/v1/fulfillment/:id   --> saversure/internal/fulfillment.(*Handler).UpdateStatus-fm (7 handlers)
[GIN-debug] POST   /api/v1/fulfillment/bulk-update --> saversure/internal/fulfillment.(*Handler).BulkUpdate-fm (7 handlers)
[GIN-debug] GET    /api/v1/api-keys          --> saversure/internal/apikey.(*Handler).List-fm (7 handlers)
[GIN-debug] POST   /api/v1/api-keys          --> saversure/internal/apikey.(*Handler).Create-fm (7 handlers)
[GIN-debug] PATCH  /api/v1/api-keys/:id/revoke --> saversure/internal/apikey.(*Handler).Revoke-fm (7 handlers)
[GIN-debug] DELETE /api/v1/api-keys/:id      --> saversure/internal/apikey.(*Handler).Delete-fm (7 handlers)
[GIN-debug] GET    /api/v1/migration-jobs/config/source --> saversure/internal/migrationjob.(*Handler).GetSourceConfig-fm (7 handlers)
[GIN-debug] POST   /api/v1/migration-jobs    --> saversure/internal/migrationjob.(*Handler).Create-fm (7 handlers)
[GIN-debug] GET    /api/v1/migration-jobs    --> saversure/internal/migrationjob.(*Handler).List-fm (7 handlers)
[GIN-debug] GET    /api/v1/migration-jobs/:id --> saversure/internal/migrationjob.(*Handler).Get-fm (7 handlers)
[GIN-debug] GET    /api/v1/migration-jobs/:id/errors --> saversure/internal/migrationjob.(*Handler).Errors-fm (7 handlers)
[GIN-debug] POST   /api/v1/migration-jobs/:id/cancel --> saversure/internal/migrationjob.(*Handler).Cancel-fm (7 handlers)
[GIN-debug] POST   /api/v1/migration-jobs/:id/retry --> saversure/internal/migrationjob.(*Handler).Retry-fm (7 handlers)
[GIN-debug] GET    /api/v1/webhooks          --> saversure/internal/webhook.(*Handler).List-fm (7 handlers)
[GIN-debug] POST   /api/v1/webhooks          --> saversure/internal/webhook.(*Handler).Create-fm (7 handlers)
[GIN-debug] PATCH  /api/v1/webhooks/:id      --> saversure/internal/webhook.(*Handler).Update-fm (7 handlers)
[GIN-debug] DELETE /api/v1/webhooks/:id      --> saversure/internal/webhook.(*Handler).Delete-fm (7 handlers)
[GIN-debug] GET    /api/v1/webhooks/:id/secret --> saversure/internal/webhook.(*Handler).GetSecret-fm (7 handlers)
[GIN-debug] GET    /api/v1/webhooks/:id/logs --> saversure/internal/webhook.(*Handler).GetLogs-fm (7 handlers)
[GIN-debug] POST   /api/v1/webhooks/:id/test --> saversure/internal/webhook.(*Handler).Test-fm (7 handlers)
[GIN-debug] GET    /api/v1/missions          --> saversure/internal/gamification.(*Handler).ListMissions-fm (7 handlers)
[GIN-debug] POST   /api/v1/missions          --> saversure/internal/gamification.(*Handler).CreateMission-fm (7 handlers)
[GIN-debug] PATCH  /api/v1/missions/:id      --> saversure/internal/gamification.(*Handler).UpdateMission-fm (7 handlers)
[GIN-debug] DELETE /api/v1/missions/:id      --> saversure/internal/gamification.(*Handler).DeleteMission-fm (7 handlers)
[GIN-debug] GET    /api/v1/badges            --> saversure/internal/gamification.(*Handler).ListBadges-fm (7 handlers)
[GIN-debug] POST   /api/v1/badges            --> saversure/internal/gamification.(*Handler).CreateBadge-fm (7 handlers)
[GIN-debug] PATCH  /api/v1/badges/:id        --> saversure/internal/gamification.(*Handler).UpdateBadge-fm (7 handlers)
[GIN-debug] DELETE /api/v1/badges/:id        --> saversure/internal/gamification.(*Handler).DeleteBadge-fm (7 handlers)
[GIN-debug] GET    /api/v1/platform/identity --> saversure/internal/platform.(*Handler).GetMyPlatformIdentity-fm (6 handlers)
[GIN-debug] POST   /api/v1/platform/link     --> saversure/internal/platform.(*Handler).LinkIdentity-fm (6 handlers)
[GIN-debug] POST   /api/v1/platform/exchange --> saversure/internal/platform.(*Handler).Exchange-fm (6 handlers)
[GIN-debug] GET    /api/v1/platform/balance  --> saversure/internal/platform.(*Handler).GetPlatformBalance-fm (6 handlers)
[GIN-debug] GET    /api/v1/platform/history  --> saversure/internal/platform.(*Handler).GetPlatformHistory-fm (6 handlers)
[GIN-debug] GET    /api/v1/platform/admin/users/:id --> saversure/internal/platform.(*Handler).GetPlatformUser-fm (7 handlers)
[GIN-debug] POST   /api/v1/upload/file       --> saversure/internal/upload.(*Handler).UploadFile-fm (8 handlers)
[GIN-debug] POST   /api/v1/upload/image      --> saversure/internal/upload.(*Handler).UploadImage-fm (8 handlers)
[GIN-debug] POST   /api/v1/upload/ai-generate --> saversure/internal/upload.(*Handler).AIGenerateImage-fm (8 handlers)
[GIN-debug] POST   /api/v1/exports           --> saversure/internal/export.(*Handler).Create-fm (8 handlers)
[GIN-debug] GET    /api/v1/exports           --> saversure/internal/export.(*Handler).List-fm (8 handlers)
[GIN-debug] GET    /api/v1/public/popups     --> saversure/internal/popup.(*Handler).ListActive-fm (4 handlers)
[GIN-debug] GET    /api/v1/public/rewards    --> saversure/internal/reward.(*Handler).ListPublic-fm (5 handlers)
[GIN-debug] GET    /api/v1/public/rewards/:id --> saversure/internal/reward.(*Handler).GetDetail-fm (5 handlers)
[GIN-debug] GET    /api/v1/public/news       --> saversure/internal/news.(*Handler).ListPublished-fm (5 handlers)
[GIN-debug] GET    /api/v1/public/lucky-draw --> saversure/internal/luckydraw.(*Handler).ListActiveCampaigns-fm (5 handlers)
