{"time":"2026-04-03T14:00:58.2925968+07:00","level":"INFO","msg":"connected to PostgreSQL"}
{"time":"2026-04-03T14:00:58.3452193+07:00","level":"INFO","msg":"connected to Redis"}
{"time":"2026-04-03T14:00:58.3778537+07:00","level":"INFO","msg":"connected to NATS"}
{"time":"2026-04-03T14:00:58.396483+07:00","level":"INFO","msg":"MinIO connected","endpoint":"192.168.0.60:59300"}
[GIN-debug] [WARNING] Running in "debug" mode. Switch to "release" mode in production.
 - using env:	export GIN_MODE=release
 - using code:	gin.SetMode(gin.ReleaseMode)

[GIN-debug] GET    /health                   --> main.main.func1 (4 handlers)
[GIN-debug] GET    /api/v1/exports/download/:token --> saversure/internal/export.(*Handler).Download-fm (4 handlers)
[GIN-debug] GET    /media/:bucket/*objectPath --> saversure/internal/upload.(*ProxyHandler).ServeFile-fm (4 handlers)
[GIN-debug] POST   /api/v1/auth/register     --> saversure/internal/auth.(*Handler).Register-fm (4 handlers)
[GIN-debug] POST   /api/v1/auth/register-consumer --> saversure/internal/auth.(*Handler).RegisterConsumer-fm (4 handlers)
[GIN-debug] POST   /api/v1/auth/login        --> saversure/internal/auth.(*Handler).Login-fm (4 handlers)
[GIN-debug] POST   /api/v1/auth/login-phone  --> saversure/internal/auth.(*Handler).LoginByPhone-fm (4 handlers)
[GIN-debug] POST   /api/v1/auth/refresh      --> saversure/internal/auth.(*Handler).Refresh-fm (4 handlers)
[GIN-debug] POST   /api/v1/auth/password/request --> saversure/internal/auth.(*Handler).RequestPasswordReset-fm (4 handlers)
[GIN-debug] POST   /api/v1/auth/password/reset --> saversure/internal/auth.(*Handler).ResetPassword-fm (4 handlers)
[GIN-debug] GET    /api/v1/auth/line         --> saversure/internal/auth.(*LINEHandler).GetAuthURL-fm (4 handlers)
[GIN-debug] POST   /api/v1/auth/line/callback --> saversure/internal/auth.(*LINEHandler).Callback-fm (4 handlers)
[GIN-debug] POST   /api/v1/auth/line/liff-token --> saversure/internal/auth.(*LINEHandler).LIFFLogin-fm (4 handlers)
[GIN-debug] GET    /api/v1/auth/line/liff-id --> saversure/internal/auth.(*LINEHandler).GetLIFFID-fm (4 handlers)
[GIN-debug] GET    /api/v1/auth/google/config --> saversure/internal/auth.(*GoogleHandler).GetConfig-fm (4 handlers)
[GIN-debug] POST   /api/v1/auth/google/login --> saversure/internal/auth.(*GoogleHandler).Login-fm (4 handlers)
[GIN-debug] POST   /api/v1/otp/request       --> saversure/internal/otp.(*Handler).Request-fm (4 handlers)
[GIN-debug] POST   /api/v1/otp/verify        --> saversure/internal/otp.(*Handler).Verify-fm (4 handlers)
{"time":"2026-04-03T14:00:58.3975588+07:00","level":"INFO","msg":"OTP (Ants SMS) enabled"}
[GIN-debug] GET    /api/v1/public/resolve-ref1 --> saversure/internal/code.(*Handler).ResolveRef1-fm (4 handlers)
[GIN-debug] GET    /api/v1/public/tenant-by-slug --> saversure/internal/tenant.(*Handler).ResolveSlug-fm (4 handlers)
[GIN-debug] GET    /api/v1/public/branding-by-slug --> saversure/internal/branding.(*Handler).GetBySlug-fm (4 handlers)
[GIN-debug] GET    /s/:code                  --> saversure/internal/code.(*Handler).ResolveRedirect-fm (4 handlers)
[GIN-debug] POST   /api/v1/tenants           --> saversure/internal/tenant.(*Handler).Create-fm (6 handlers)
[GIN-debug] GET    /api/v1/tenants           --> saversure/internal/tenant.(*Handler).List-fm (6 handlers)
[GIN-debug] GET    /api/v1/tenants/:id       --> saversure/internal/tenant.(*Handler).GetByID-fm (6 handlers)
[GIN-debug] PATCH  /api/v1/tenants/:id       --> saversure/internal/tenant.(*Handler).Update-fm (6 handlers)
[GIN-debug] GET    /api/v1/settings/tenant   --> saversure/internal/tenant.(*Handler).GetCurrent-fm (6 handlers)
[GIN-debug] PATCH  /api/v1/settings/tenant   --> saversure/internal/tenant.(*Handler).UpdateCurrent-fm (6 handlers)
[GIN-debug] POST   /api/v1/campaigns         --> saversure/internal/campaign.(*Handler).Create-fm (7 handlers)
[GIN-debug] GET    /api/v1/campaigns         --> saversure/internal/campaign.(*Handler).List-fm (7 handlers)
[GIN-debug] GET    /api/v1/campaigns/:id     --> saversure/internal/campaign.(*Handler).GetByID-fm (7 handlers)
[GIN-debug] PATCH  /api/v1/campaigns/:id     --> saversure/internal/campaign.(*Handler).Update-fm (7 handlers)
[GIN-debug] POST   /api/v1/campaigns/:id/publish --> saversure/internal/campaign.(*Handler).Publish-fm (7 handlers)
[GIN-debug] POST   /api/v1/batches           --> saversure/internal/batch.(*Handler).Create-fm (7 handlers)
[GIN-debug] GET    /api/v1/batches           --> saversure/internal/batch.(*Handler).List-fm (7 handlers)
[GIN-debug] GET    /api/v1/batches/:id/export --> saversure/internal/batch.(*Handler).Export-fm (7 handlers)
[GIN-debug] PATCH  /api/v1/batches/:id/status --> saversure/internal/batch.(*Handler).UpdateStatus-fm (7 handlers)
[GIN-debug] POST   /api/v1/batches/:id/recall --> saversure/internal/batch.(*Handler).Recall-fm (7 handlers)
[GIN-debug] POST   /api/v1/rewards           --> saversure/internal/inventory.(*Handler).CreateReward-fm (7 handlers)
[GIN-debug] GET    /api/v1/rewards           --> saversure/internal/inventory.(*Handler).List-fm (7 handlers)
[GIN-debug] GET    /api/v1/rewards/:id       --> saversure/internal/inventory.(*Handler).GetByID-fm (7 handlers)
[GIN-debug] PATCH  /api/v1/rewards/:id       --> saversure/internal/inventory.(*Handler).UpdateReward-fm (7 handlers)
[GIN-debug] PATCH  /api/v1/rewards/:id/inventory --> saversure/internal/inventory.(*Handler).UpdateInventory-fm (7 handlers)
[GIN-debug] POST   /api/v1/coupons/import    --> saversure/internal/coupon.(*Handler).Import-fm (7 handlers)
[GIN-debug] GET    /api/v1/coupons           --> saversure/internal/coupon.(*Handler).List-fm (7 handlers)
[GIN-debug] GET    /api/v1/coupons/:rewardId/available --> saversure/internal/coupon.(*Handler).CountAvailable-fm (7 handlers)
[GIN-debug] DELETE /api/v1/coupons/:rewardId/unclaimed --> saversure/internal/coupon.(*Handler).DeleteUnclaimed-fm (7 handlers)
[GIN-debug] POST   /api/v1/scan              --> saversure/internal/code.(*Handler).Scan-fm (7 handlers)
[GIN-debug] GET    /api/v1/codes/lookup      --> saversure/internal/code.(*Handler).Lookup-fm (7 handlers)
[GIN-debug] GET    /api/v1/rolls             --> saversure/internal/roll.(*Handler).List-fm (7 handlers)
[GIN-debug] GET    /api/v1/rolls/stats       --> saversure/internal/roll.(*Handler).GetStats-fm (7 handlers)
[GIN-debug] GET    /api/v1/rolls/:id         --> saversure/internal/roll.(*Handler).GetByID-fm (7 handlers)
[GIN-debug] POST   /api/v1/rolls/:id/map     --> saversure/internal/roll.(*Handler).MapProduct-fm (7 handlers)
[GIN-debug] POST   /api/v1/rolls/:id/unmap   --> saversure/internal/roll.(*Handler).Unmap-fm (7 handlers)
[GIN-debug] POST   /api/v1/rolls/:id/qc      --> saversure/internal/roll.(*Handler).QCReview-fm (7 handlers)
[GIN-debug] POST   /api/v1/rolls/:id/report-ref2 --> saversure/internal/roll.(*Handler).ReportRef2-fm (7 handlers)
[GIN-debug] PATCH  /api/v1/rolls/:id/status  --> saversure/internal/roll.(*Handler).UpdateStatus-fm (7 handlers)
[GIN-debug] POST   /api/v1/rolls/bulk-map    --> saversure/internal/roll.(*Handler).BulkMap-fm (7 handlers)
[GIN-debug] POST   /api/v1/rolls/bulk-status --> saversure/internal/roll.(*Handler).BulkUpdateStatus-fm (7 handlers)
[GIN-debug] GET    /api/v1/rolls/:id/sample-codes --> saversure/internal/export.(*Handler).SampleCodes-fm (7 handlers)
[GIN-debug] PATCH  /api/v1/rolls/:id/assign  --> saversure/internal/roll.(*Handler).Assign-fm (8 handlers)
[GIN-debug] POST   /api/v1/rolls/bulk-assign --> saversure/internal/roll.(*Handler).BulkAssign-fm (8 handlers)
[GIN-debug] GET    /api/v1/qc/verify         --> saversure/internal/qc.(*Handler).Verify-fm (7 handlers)
[GIN-debug] POST   /api/v1/redeem            --> saversure/internal/redemption.(*Handler).Redeem-fm (8 handlers)
[GIN-debug] POST   /api/v1/redeem/:id/confirm --> saversure/internal/redemption.(*Handler).Confirm-fm (7 handlers)
[GIN-debug] GET    /api/v1/points/balance    --> saversure/internal/ledger.(*Handler).GetBalance-fm (6 handlers)
[GIN-debug] GET    /api/v1/points/history    --> saversure/internal/ledger.(*Handler).GetHistory-fm (6 handlers)
[GIN-debug] POST   /api/v1/points/refund     --> saversure/internal/ledger.(*Handler).RefundPoints-fm (7 handlers)
[GIN-debug] GET    /api/v1/audit             --> saversure/internal/audit.(*Handler).List-fm (7 handlers)
[GIN-debug] GET    /api/v1/geo/reverse       --> saversure/internal/geo.(*Handler).ReverseGeocode-fm (7 handlers)
[GIN-debug] POST   /api/v1/geo/backfill      --> saversure/internal/geo.(*Handler).BackfillProvinces-fm (7 handlers)
[GIN-debug] GET    /api/v1/scan-history      --> saversure/internal/scanhistory.(*Handler).List-fm (7 handlers)
[GIN-debug] GET    /api/v1/scan-history/alerts --> saversure/internal/scanhistory.(*Handler).GetAlerts-fm (7 handlers)
[GIN-debug] GET    /api/v1/scan-history/:id  --> saversure/internal/scanhistory.(*Handler).GetByID-fm (7 handlers)
[GIN-debug] GET    /api/v1/redeem-transactions --> saversure/internal/transaction.(*Handler).List-fm (7 handlers)
[GIN-debug] GET    /api/v1/redeem-transactions/summary --> saversure/internal/transaction.(*Handler).Summary-fm (7 handlers)
[GIN-debug] GET    /api/v1/redeem-transactions/export --> saversure/internal/transaction.(*Handler).ExportCSV-fm (7 handlers)
[GIN-debug] PATCH  /api/v1/redeem-transactions/:id --> saversure/internal/transaction.(*Handler).UpdateStatus-fm (7 handlers)
[GIN-debug] GET    /api/v1/customers         --> saversure/internal/customer.(*Handler).List-fm (7 handlers)
[GIN-debug] GET    /api/v1/customers/search  --> saversure/internal/customer.(*MergeHandler).SearchUsers-fm (7 handlers)
[GIN-debug] GET    /api/v1/customers/:id/detail --> saversure/internal/customer.(*Handler).GetDetail-fm (7 handlers)
[GIN-debug] GET    /api/v1/customers/:id     --> saversure/internal/customer.(*Handler).GetByID-fm (7 handlers)
[GIN-debug] PATCH  /api/v1/customers/:id     --> saversure/internal/customer.(*Handler).Update-fm (7 handlers)
[GIN-debug] POST   /api/v1/customers/:id/transfer-line --> saversure/internal/customer.(*MergeHandler).TransferLINE-fm (7 handlers)
[GIN-debug] POST   /api/v1/customers/merge   --> saversure/internal/customer.(*MergeHandler).Merge-fm (7 handlers)
[GIN-debug] GET    /api/v1/dashboard/summary --> saversure/internal/dashboard.(*Handler).Summary-fm (7 handlers)
[GIN-debug] GET    /api/v1/dashboard/scan-chart --> saversure/internal/dashboard.(*Handler).ScanChart-fm (7 handlers)
[GIN-debug] GET    /api/v1/dashboard/top-products --> saversure/internal/dashboard.(*Handler).TopProducts-fm (7 handlers)
[GIN-debug] GET    /api/v1/dashboard/funnel  --> saversure/internal/dashboard.(*Handler).ConversionFunnel-fm (7 handlers)
[GIN-debug] GET    /api/v1/dashboard/geo-heatmap --> saversure/internal/dashboard.(*Handler).GeoHeatmap-fm (7 handlers)
[GIN-debug] GET    /api/v1/dashboard/recent-activity --> saversure/internal/dashboard.(*Handler).RecentActivity-fm (7 handlers)
[GIN-debug] GET    /api/v1/staff             --> saversure/internal/staff.(*Handler).List-fm (7 handlers)
[GIN-debug] POST   /api/v1/staff             --> saversure/internal/staff.(*Handler).Create-fm (7 handlers)
[GIN-debug] GET    /api/v1/staff/:id         --> saversure/internal/staff.(*Handler).Get-fm (7 handlers)
[GIN-debug] PATCH  /api/v1/staff/:id         --> saversure/internal/staff.(*Handler).Update-fm (7 handlers)
[GIN-debug] POST   /api/v1/staff/:id/reset-password --> saversure/internal/staff.(*Handler).ResetPassword-fm (7 handlers)
[GIN-debug] DELETE /api/v1/staff/:id         --> saversure/internal/staff.(*Handler).Delete-fm (7 handlers)
[GIN-debug] POST   /api/v1/products          --> saversure/internal/product.(*Handler).Create-fm (7 handlers)
[GIN-debug] POST   /api/v1/products/import   --> saversure/internal/product.(*Handler).ImportCSV-fm (7 handlers)
[GIN-debug] PATCH  /api/v1/products/:id      --> saversure/internal/product.(*Handler).Update-fm (7 handlers)
[GIN-debug] DELETE /api/v1/products/:id      --> saversure/internal/product.(*Handler).Delete-fm (7 handlers)
[GIN-debug] GET    /api/v1/products          --> saversure/internal/product.(*Handler).List-fm (7 handlers)
[GIN-debug] GET    /api/v1/promotions        --> saversure/internal/promotion.(*Handler).List-fm (7 handlers)
[GIN-debug] GET    /api/v1/promotions/:id    --> saversure/internal/promotion.(*Handler).GetByID-fm (7 handlers)
[GIN-debug] POST   /api/v1/promotions        --> saversure/internal/promotion.(*Handler).Create-fm (7 handlers)
[GIN-debug] PATCH  /api/v1/promotions/:id    --> saversure/internal/promotion.(*Handler).Update-fm (7 handlers)
[GIN-debug] DELETE /api/v1/promotions/:id    --> saversure/internal/promotion.(*Handler).Delete-fm (7 handlers)
[GIN-debug] POST   /api/v1/promotions/:id/submit --> saversure/internal/promotion.(*Handler).Submit-fm (7 handlers)
[GIN-debug] POST   /api/v1/promotions/:id/approve --> saversure/internal/promotion.(*Handler).Approve-fm (7 handlers)
[GIN-debug] POST   /api/v1/promotions/:id/reject --> saversure/internal/promotion.(*Handler).Reject-fm (7 handlers)
[GIN-debug] POST   /api/v1/promotions/:id/deactivate --> saversure/internal/promotion.(*Handler).Deactivate-fm (7 handlers)
[GIN-debug] POST   /api/v1/promotions/:id/reactivate --> saversure/internal/promotion.(*Handler).Reactivate-fm (7 handlers)
[GIN-debug] GET    /api/v1/factories         --> saversure/internal/factory.(*Handler).List-fm (7 handlers)
[GIN-debug] POST   /api/v1/factories         --> saversure/internal/factory.(*Handler).Create-fm (7 handlers)
[GIN-debug] PATCH  /api/v1/factories/:id     --> saversure/internal/factory.(*Handler).Update-fm (7 handlers)
[GIN-debug] DELETE /api/v1/factories/:id     --> saversure/internal/factory.(*Handler).Delete-fm (7 handlers)
[GIN-debug] GET    /api/v1/factories/:id/products --> saversure/internal/factory.(*Handler).ListProducts-fm (7 handlers)
[GIN-debug] POST   /api/v1/factories/:id/products --> saversure/internal/factory.(*Handler).AssignProduct-fm (7 handlers)
[GIN-debug] DELETE /api/v1/factories/:id/products/:product_id --> saversure/internal/factory.(*Handler).RemoveProduct-fm (7 handlers)
[GIN-debug] GET    /api/v1/page-configs      --> saversure/internal/pageconfig.(*Handler).List-fm (7 handlers)
[GIN-debug] GET    /api/v1/page-configs/:slug --> saversure/internal/pageconfig.(*Handler).GetBySlug-fm (7 handlers)
[GIN-debug] PUT    /api/v1/page-configs      --> saversure/internal/pageconfig.(*Handler).Upsert-fm (7 handlers)
[GIN-debug] DELETE /api/v1/page-configs/:slug --> saversure/internal/pageconfig.(*Handler).Delete-fm (7 handlers)
[GIN-debug] GET    /api/v1/page-configs/:slug/versions --> saversure/internal/pageconfig.(*Handler).ListVersions-fm (7 handlers)
[GIN-debug] POST   /api/v1/page-configs/:slug/restore --> saversure/internal/pageconfig.(*Handler).RestoreVersion-fm (7 handlers)
[GIN-debug] POST   /api/v1/page-configs/duplicate --> saversure/internal/pageconfig.(*Handler).Duplicate-fm (7 handlers)
[GIN-debug] GET    /api/v1/popups            --> saversure/internal/popup.(*Handler).List-fm (7 handlers)
[GIN-debug] GET    /api/v1/popups/:id        --> saversure/internal/popup.(*Handler).GetByID-fm (7 handlers)
[GIN-debug] POST   /api/v1/popups            --> saversure/internal/popup.(*Handler).Create-fm (7 handlers)
[GIN-debug] PATCH  /api/v1/popups/:id        --> saversure/internal/popup.(*Handler).Update-fm (7 handlers)
[GIN-debug] DELETE /api/v1/popups/:id        --> saversure/internal/popup.(*Handler).Delete-fm (7 handlers)
[GIN-debug] GET    /api/v1/nav-menus         --> saversure/internal/navmenu.(*Handler).List-fm (7 handlers)
[GIN-debug] GET    /api/v1/nav-menus/:type   --> saversure/internal/navmenu.(*Handler).GetByType-fm (7 handlers)
[GIN-debug] PUT    /api/v1/nav-menus         --> saversure/internal/navmenu.(*Handler).Upsert-fm (7 handlers)
[GIN-debug] DELETE /api/v1/nav-menus/:type   --> saversure/internal/navmenu.(*Handler).Delete-fm (7 handlers)
[GIN-debug] GET    /api/v1/news              --> saversure/internal/news.(*Handler).List-fm (7 handlers)
[GIN-debug] GET    /api/v1/news/:id          --> saversure/internal/news.(*Handler).GetByID-fm (7 handlers)
[GIN-debug] POST   /api/v1/news              --> saversure/internal/news.(*Handler).Create-fm (7 handlers)
[GIN-debug] PATCH  /api/v1/news/:id          --> saversure/internal/news.(*Handler).Update-fm (7 handlers)
[GIN-debug] DELETE /api/v1/news/:id          --> saversure/internal/news.(*Handler).Delete-fm (7 handlers)
[GIN-debug] GET    /api/v1/support/cases     --> saversure/internal/support.(*Handler).ListCases-fm (7 handlers)
[GIN-debug] GET    /api/v1/support/cases/:id --> saversure/internal/support.(*Handler).GetCase-fm (7 handlers)
[GIN-debug] PATCH  /api/v1/support/cases/:id --> saversure/internal/support.(*Handler).UpdateCase-fm (7 handlers)
[GIN-debug] POST   /api/v1/support/cases/:id/reply --> saversure/internal/support.(*Handler).Reply-fm (7 handlers)
[GIN-debug] GET    /api/v1/support/my-cases  --> saversure/internal/support.(*Handler).ListUserCases-fm (6 handlers)
[GIN-debug] POST   /api/v1/support/my-cases  --> saversure/internal/support.(*Handler).CreateCase-fm (6 handlers)
[GIN-debug] GET    /api/v1/support/my-cases/:id --> saversure/internal/support.(*Handler).GetCase-fm (6 handlers)
[GIN-debug] POST   /api/v1/support/my-cases/:id/reply --> saversure/internal/support.(*Handler).Reply-fm (6 handlers)
[GIN-debug] GET    /api/v1/lucky-draw        --> saversure/internal/luckydraw.(*Handler).ListCampaigns-fm (7 handlers)
[GIN-debug] GET    /api/v1/lucky-draw/:id    --> saversure/internal/luckydraw.(*Handler).GetCampaign-fm (7 handlers)
[GIN-debug] POST   /api/v1/lucky-draw        --> saversure/internal/luckydraw.(*Handler).CreateCampaign-fm (7 handlers)
[GIN-debug] PATCH  /api/v1/lucky-draw/:id    --> saversure/internal/luckydraw.(*Handler).UpdateCampaign-fm (7 handlers)
[GIN-debug] POST   /api/v1/lucky-draw/:id/prizes --> saversure/internal/luckydraw.(*Handler).AddPrize-fm (7 handlers)
[GIN-debug] DELETE /api/v1/lucky-draw/:id/prizes/:prizeId --> saversure/internal/luckydraw.(*Handler).DeletePrize-fm (7 handlers)
[GIN-debug] POST   /api/v1/lucky-draw/:id/draw --> saversure/internal/luckydraw.(*Handler).DrawWinners-fm (7 handlers)
[GIN-debug] GET    /api/v1/lucky-draw/:id/winners --> saversure/internal/luckydraw.(*Handler).GetWinners-fm (7 handlers)
[GIN-debug] GET    /api/v1/currencies        --> saversure/internal/currency.(*Handler).List-fm (7 handlers)
[GIN-debug] POST   /api/v1/currencies        --> saversure/internal/currency.(*Handler).Create-fm (7 handlers)
[GIN-debug] PATCH  /api/v1/currencies/:id    --> saversure/internal/currency.(*Handler).Update-fm (7 handlers)
[GIN-debug] DELETE /api/v1/currencies/:id    --> saversure/internal/currency.(*Handler).Delete-fm (7 handlers)
[GIN-debug] POST   /api/v1/currencies/:code/convert --> saversure/internal/currency.(*Handler).Convert-fm (7 handlers)
[GIN-debug] GET    /api/v1/donations         --> saversure/internal/donation.(*Handler).List-fm (7 handlers)
[GIN-debug] POST   /api/v1/donations         --> saversure/internal/donation.(*Handler).Create-fm (7 handlers)
[GIN-debug] PATCH  /api/v1/donations/:id     --> saversure/internal/donation.(*Handler).Update-fm (7 handlers)
[GIN-debug] GET    /api/v1/donations/:id/history --> saversure/internal/donation.(*Handler).GetHistory-fm (7 handlers)
[GIN-debug] GET    /api/v1/notifications     --> saversure/internal/notification.(*Handler).List-fm (6 handlers)
[GIN-debug] GET    /api/v1/notifications/unread-count --> saversure/internal/notification.(*Handler).UnreadCount-fm (6 handlers)
[GIN-debug] PATCH  /api/v1/notifications/:id/read --> saversure/internal/notification.(*Handler).MarkRead-fm (6 handlers)
[GIN-debug] POST   /api/v1/notifications/read-all --> saversure/internal/notification.(*Handler).MarkAllRead-fm (6 handlers)
[GIN-debug] GET    /api/v1/tiers             --> saversure/internal/tier.(*Handler).List-fm (7 handlers)
[GIN-debug] POST   /api/v1/tiers             --> saversure/internal/tier.(*Handler).Create-fm (7 handlers)
[GIN-debug] PATCH  /api/v1/tiers/:id         --> saversure/internal/tier.(*Handler).Update-fm (7 handlers)
[GIN-debug] DELETE /api/v1/tiers/:id         --> saversure/internal/tier.(*Handler).Delete-fm (7 handlers)
[GIN-debug] GET    /api/v1/branding          --> saversure/internal/branding.(*Handler).Get-fm (7 handlers)
[GIN-debug] PUT    /api/v1/branding          --> saversure/internal/branding.(*Handler).Update-fm (7 handlers)
[GIN-debug] POST   /api/v1/linebot/send      --> saversure/internal/linebot.(*Handler).SendMessage-fm (7 handlers)
[GIN-debug] POST   /api/v1/linebot/broadcast --> saversure/internal/linebot.(*Handler).Broadcast-fm (7 handlers)
[GIN-debug] POST   /api/v1/linebot/rich-menu --> saversure/internal/linebot.(*Handler).CreateRichMenu-fm (7 handlers)
[GIN-debug] GET    /api/v1/linebot/rich-menu --> saversure/internal/linebot.(*Handler).ListRichMenus-fm (7 handlers)
[GIN-debug] GET    /api/v1/ops/digest        --> saversure/internal/opsdigest.(*Handler).GetDigest-fm (7 handlers)
[GIN-debug] GET    /api/v1/ops/alerts        --> saversure/internal/opsdigest.(*Handler).GetAlerts-fm (7 handlers)
[GIN-debug] GET    /api/v1/fulfillment       --> saversure/internal/fulfillment.(*Handler).List-fm (7 handlers)
[GIN-debug] PATCH  /api/v1/fulfillment/:id   --> saversure/internal/fulfillment.(*Handler).UpdateStatus-fm (7 handlers)
[GIN-debug] POST   /api/v1/fulfillment/bulk-update --> saversure/internal/fulfillment.(*Handler).BulkUpdate-fm (7 handlers)
[GIN-debug] GET    /api/v1/api-keys          --> saversure/internal/apikey.(*Handler).List-fm (7 handlers)
[GIN-debug] POST   /api/v1/api-keys          --> saversure/internal/apikey.(*Handler).Create-fm (7 handlers)
[GIN-debug] PATCH  /api/v1/api-keys/:id/revoke --> saversure/internal/apikey.(*Handler).Revoke-fm (7 handlers)
[GIN-debug] DELETE /api/v1/api-keys/:id      --> saversure/internal/apikey.(*Handler).Delete-fm (7 handlers)
[GIN-debug] GET    /api/v1/migration-jobs/config/source --> saversure/internal/migrationjob.(*Handler).GetSourceConfig-fm (7 handlers)
[GIN-debug] POST   /api/v1/migration-jobs    --> saversure/internal/migrationjob.(*Handler).Create-fm (7 handlers)
[GIN-debug] GET    /api/v1/migration-jobs    --> saversure/internal/migrationjob.(*Handler).List-fm (7 handlers)
[GIN-debug] GET    /api/v1/migration-jobs/:id --> saversure/internal/migrationjob.(*Handler).Get-fm (7 handlers)
[GIN-debug] GET    /api/v1/migration-jobs/:id/errors --> saversure/internal/migrationjob.(*Handler).Errors-fm (7 handlers)
[GIN-debug] POST   /api/v1/migration-jobs/:id/cancel --> saversure/internal/migrationjob.(*Handler).Cancel-fm (7 handlers)
[GIN-debug] POST   /api/v1/migration-jobs/:id/retry --> saversure/internal/migrationjob.(*Handler).Retry-fm (7 handlers)
[GIN-debug] GET    /api/v1/webhooks          --> saversure/internal/webhook.(*Handler).List-fm (7 handlers)
[GIN-debug] POST   /api/v1/webhooks          --> saversure/internal/webhook.(*Handler).Create-fm (7 handlers)
[GIN-debug] PATCH  /api/v1/webhooks/:id      --> saversure/internal/webhook.(*Handler).Update-fm (7 handlers)
[GIN-debug] DELETE /api/v1/webhooks/:id      --> saversure/internal/webhook.(*Handler).Delete-fm (7 handlers)
[GIN-debug] GET    /api/v1/webhooks/:id/secret --> saversure/internal/webhook.(*Handler).GetSecret-fm (7 handlers)
[GIN-debug] GET    /api/v1/webhooks/:id/logs --> saversure/internal/webhook.(*Handler).GetLogs-fm (7 handlers)
[GIN-debug] POST   /api/v1/webhooks/:id/test --> saversure/internal/webhook.(*Handler).Test-fm (7 handlers)
[GIN-debug] GET    /api/v1/missions          --> saversure/internal/gamification.(*Handler).ListMissions-fm (7 handlers)
[GIN-debug] POST   /api/v1/missions          --> saversure/internal/gamification.(*Handler).CreateMission-fm (7 handlers)
[GIN-debug] PATCH  /api/v1/missions/:id      --> saversure/internal/gamification.(*Handler).UpdateMission-fm (7 handlers)
[GIN-debug] DELETE /api/v1/missions/:id      --> saversure/internal/gamification.(*Handler).DeleteMission-fm (7 handlers)
[GIN-debug] GET    /api/v1/badges            --> saversure/internal/gamification.(*Handler).ListBadges-fm (7 handlers)
[GIN-debug] POST   /api/v1/badges            --> saversure/internal/gamification.(*Handler).CreateBadge-fm (7 handlers)
[GIN-debug] PATCH  /api/v1/badges/:id        --> saversure/internal/gamification.(*Handler).UpdateBadge-fm (7 handlers)
[GIN-debug] DELETE /api/v1/badges/:id        --> saversure/internal/gamification.(*Handler).DeleteBadge-fm (7 handlers)
[GIN-debug] GET    /api/v1/platform/identity --> saversure/internal/platform.(*Handler).GetMyPlatformIdentity-fm (6 handlers)
[GIN-debug] POST   /api/v1/platform/link     --> saversure/internal/platform.(*Handler).LinkIdentity-fm (6 handlers)
[GIN-debug] POST   /api/v1/platform/exchange --> saversure/internal/platform.(*Handler).Exchange-fm (6 handlers)
[GIN-debug] GET    /api/v1/platform/balance  --> saversure/internal/platform.(*Handler).GetPlatformBalance-fm (6 handlers)
[GIN-debug] GET    /api/v1/platform/history  --> saversure/internal/platform.(*Handler).GetPlatformHistory-fm (6 handlers)
[GIN-debug] GET    /api/v1/platform/admin/users/:id --> saversure/internal/platform.(*Handler).GetPlatformUser-fm (7 handlers)
[GIN-debug] POST   /api/v1/upload/file       --> saversure/internal/upload.(*Handler).UploadFile-fm (8 handlers)
[GIN-debug] POST   /api/v1/upload/image      --> saversure/internal/upload.(*Handler).UploadImage-fm (8 handlers)
[GIN-debug] POST   /api/v1/upload/ai-generate --> saversure/internal/upload.(*Handler).AIGenerateImage-fm (8 handlers)
[GIN-debug] POST   /api/v1/exports           --> saversure/internal/export.(*Handler).Create-fm (8 handlers)
[GIN-debug] GET    /api/v1/exports           --> saversure/internal/export.(*Handler).List-fm (8 handlers)
[GIN-debug] GET    /api/v1/public/popups     --> saversure/internal/popup.(*Handler).ListActive-fm (4 handlers)
[GIN-debug] GET    /api/v1/public/donations  --> saversure/internal/donation.(*Handler).ListActive-fm (5 handlers)
[GIN-debug] GET    /api/v1/public/rewards    --> saversure/internal/reward.(*Handler).ListPublic-fm (5 handlers)
[GIN-debug] GET    /api/v1/public/rewards/:id --> saversure/internal/reward.(*Handler).GetDetail-fm (5 handlers)
[GIN-debug] GET    /api/v1/public/missions   --> saversure/internal/gamification.(*Handler).ListMissions-fm (5 handlers)
[GIN-debug] GET    /api/v1/public/missions/:id --> saversure/internal/gamification.(*Handler).GetMission-fm (5 handlers)
[GIN-debug] GET    /api/v1/public/lucky-draw --> saversure/internal/luckydraw.(*Handler).ListActiveCampaigns-fm (5 handlers)
[GIN-debug] GET    /api/v1/public/lucky-draw/:id --> saversure/internal/luckydraw.(*Handler).GetCampaign-fm (5 handlers)
[GIN-debug] GET    /api/v1/public/campaigns  --> saversure/internal/campaign.(*Handler).ListPublic-fm (5 handlers)
[GIN-debug] GET    /api/v1/profile           --> saversure/internal/profile.(*Handler).GetProfile-fm (6 handlers)
[GIN-debug] PATCH  /api/v1/profile           --> saversure/internal/profile.(*Handler).UpdateProfile-fm (6 handlers)
[GIN-debug] POST   /api/v1/profile/complete  --> saversure/internal/auth.(*Handler).CompleteProfile-fm (6 handlers)
[GIN-debug] GET    /api/v1/profile/addresses --> saversure/internal/profile.(*Handler).ListAddresses-fm (6 handlers)
[GIN-debug] POST   /api/v1/profile/addresses --> saversure/internal/profile.(*Handler).CreateAddress-fm (6 handlers)
[GIN-debug] PATCH  /api/v1/profile/addresses/:id --> saversure/internal/profile.(*Handler).UpdateAddress-fm (6 handlers)
[GIN-debug] DELETE /api/v1/profile/addresses/:id --> saversure/internal/profile.(*Handler).DeleteAddress-fm (6 handlers)
[GIN-debug] PATCH  /api/v1/profile/addresses/:id/default --> saversure/internal/profile.(*Handler).SetDefaultAddress-fm (6 handlers)
[GIN-debug] POST   /api/v1/my/lucky-draw/:id/register --> saversure/internal/luckydraw.(*Handler).Register-fm (6 handlers)
[GIN-debug] GET    /api/v1/my/lucky-draw/:id/tickets --> saversure/internal/luckydraw.(*Handler).GetUserTickets-fm (6 handlers)
[GIN-debug] GET    /api/v1/my/lucky-draw/tickets --> saversure/internal/luckydraw.(*Handler).GetUserTickets-fm (6 handlers)
[GIN-debug] POST   /api/v1/my/donations/:id/donate --> saversure/internal/donation.(*Handler).Donate-fm (6 handlers)
[GIN-debug] GET    /api/v1/my/donations      --> saversure/internal/donation.(*Handler).GetMyDonations-fm (6 handlers)
[GIN-debug] GET    /api/v1/my/balances       --> saversure/internal/currency.(*Handler).GetMultiBalance-fm (6 handlers)
[GIN-debug] GET    /api/v1/my/redeem-transactions --> saversure/internal/transaction.(*Handler).ListMine-fm (6 handlers)
[GIN-debug] GET    /api/v1/my/missions       --> saversure/internal/gamification.(*Handler).GetUserMissions-fm (6 handlers)
[GIN-debug] GET    /api/v1/my/badges         --> saversure/internal/gamification.(*Handler).GetUserBadges-fm (6 handlers)
[GIN-debug] GET    /api/v1/my/tier           --> saversure/internal/tier.(*Handler).GetUserTier-fm (6 handlers)
[GIN-debug] GET    /api/v1/my/pdpa           --> saversure/internal/auth.(*Handler).GetPDPA-fm (6 handlers)
[GIN-debug] POST   /api/v1/my/pdpa/withdraw  --> saversure/internal/auth.(*Handler).WithdrawPDPA-fm (6 handlers)
[GIN-debug] GET    /api/v1/my/scans          --> saversure/internal/scanhistory.(*Handler).GetMyScans-fm (6 handlers)
{"time":"2026-04-03T14:00:58.3992663+07:00","level":"INFO","msg":"starting server","addr":"0.0.0.0:30400","env":"development"}
{"time":"2026-04-03T14:02:24.6617022+07:00","level":"INFO","msg":"request","request_id":"0693eb1b-638b-452c-b0f6-3c3aaac1ec64","method":"OPTIONS","path":"/api/v1/public/branding","status":204,"duration_ms":0,"client_ip":"::1","tenant_id":"","user_id":""}
{"time":"2026-04-03T14:02:24.664245+07:00","level":"INFO","msg":"request","request_id":"37f8ca0e-60bd-4d5d-9f0e-7c2a68f49085","method":"GET","path":"/api/v1/public/branding","status":404,"duration_ms":0,"client_ip":"::1","tenant_id":"","user_id":""}
{"time":"2026-04-03T14:02:24.6899705+07:00","level":"INFO","msg":"request","request_id":"0119fca7-6d72-43a0-9c56-1ded9e47c05c","method":"OPTIONS","path":"/api/v1/my/balances","status":204,"duration_ms":0,"client_ip":"::1","tenant_id":"","user_id":""}
{"time":"2026-04-03T14:02:24.692488+07:00","level":"INFO","msg":"request","request_id":"2fb39f4a-507d-4256-8de7-f1b8d2cf977d","method":"OPTIONS","path":"/api/v1/profile","status":204,"duration_ms":0,"client_ip":"::1","tenant_id":"","user_id":""}
{"time":"2026-04-03T14:02:24.6946692+07:00","level":"INFO","msg":"request","request_id":"ec1b5197-fb0c-4cb7-8100-7dff6fe4e780","method":"OPTIONS","path":"/api/v1/public/nav-menu/header","status":204,"duration_ms":0,"client_ip":"::1","tenant_id":"","user_id":""}
{"time":"2026-04-03T14:02:24.6978093+07:00","level":"INFO","msg":"request","request_id":"0a7e2e21-da1f-405d-b871-077192693837","method":"OPTIONS","path":"/api/v1/public/rewards","status":204,"duration_ms":0,"client_ip":"::1","tenant_id":"","user_id":""}
{"time":"2026-04-03T14:02:24.6978093+07:00","level":"INFO","msg":"request","request_id":"21342848-eb69-49c3-a962-801076e14eed","method":"OPTIONS","path":"/api/v1/public/donations","status":204,"duration_ms":0,"client_ip":"::1","tenant_id":"","user_id":""}
{"time":"2026-04-03T14:02:24.698325+07:00","level":"INFO","msg":"request","request_id":"00dcbc8f-2f75-45d8-aa8f-8f6fdc5bb585","method":"OPTIONS","path":"/api/v1/public/lucky-draw","status":204,"duration_ms":0,"client_ip":"::1","tenant_id":"","user_id":""}
{"time":"2026-04-03T14:02:24.6988605+07:00","level":"INFO","msg":"request","request_id":"9c71365a-2d4f-4e98-9e7d-9b59a1dfb6f5","method":"OPTIONS","path":"/api/v1/public/news","status":204,"duration_ms":0,"client_ip":"::1","tenant_id":"","user_id":""}
{"time":"2026-04-03T14:02:24.6993749+07:00","level":"INFO","msg":"request","request_id":"22bafb76-b15f-4f6c-b261-9be4517828f9","method":"OPTIONS","path":"/api/v1/my/balances","status":204,"duration_ms":0,"client_ip":"::1","tenant_id":"","user_id":""}
{"time":"2026-04-03T14:02:24.7004179+07:00","level":"INFO","msg":"request","request_id":"84df0eec-ea19-4b57-8385-ed98d945ed3a","method":"OPTIONS","path":"/api/v1/profile","status":204,"duration_ms":0,"client_ip":"::1","tenant_id":"","user_id":""}
{"time":"2026-04-03T14:02:24.702924+07:00","level":"INFO","msg":"request","request_id":"a390b789-31ea-4d54-aaee-7d3ca875a8f3","method":"OPTIONS","path":"/api/v1/public/nav-menu/bottom_nav","status":204,"duration_ms":0,"client_ip":"::1","tenant_id":"","user_id":""}
{"time":"2026-04-03T14:02:24.7050023+07:00","level":"INFO","msg":"request","request_id":"336c219e-2b46-4951-a467-7212c5203e80","method":"OPTIONS","path":"/api/v1/my/balances","status":204,"duration_ms":0,"client_ip":"::1","tenant_id":"","user_id":""}
{"time":"2026-04-03T14:02:24.7050023+07:00","level":"INFO","msg":"request","request_id":"39a38094-cb25-4243-bddc-2939e3ca6398","method":"OPTIONS","path":"/api/v1/profile","status":204,"duration_ms":0,"client_ip":"::1","tenant_id":"","user_id":""}
{"time":"2026-04-03T14:02:24.7050023+07:00","level":"INFO","msg":"request","request_id":"3afccd38-3fc4-4d63-971d-8250356ca58b","method":"OPTIONS","path":"/api/v1/public/nav-menu/header","status":204,"duration_ms":0,"client_ip":"::1","tenant_id":"","user_id":""}
{"time":"2026-04-03T14:02:24.7055286+07:00","level":"INFO","msg":"request","request_id":"94bd073a-c279-4ebf-973a-e5ce57c4bcaf","method":"OPTIONS","path":"/api/v1/public/rewards","status":204,"duration_ms":0,"client_ip":"::1","tenant_id":"","user_id":""}
{"time":"2026-04-03T14:02:24.7055286+07:00","level":"INFO","msg":"request","request_id":"2f4d31fe-1a8c-46fd-aa74-9ff917f03412","method":"OPTIONS","path":"/api/v1/public/donations","status":204,"duration_ms":0,"client_ip":"::1","tenant_id":"","user_id":""}
{"time":"2026-04-03T14:02:24.7065786+07:00","level":"INFO","msg":"request","request_id":"7814e376-2995-4fb2-b401-ef5e3ae60f6f","method":"OPTIONS","path":"/api/v1/public/lucky-draw","status":204,"duration_ms":0,"client_ip":"::1","tenant_id":"","user_id":""}
{"time":"2026-04-03T14:02:24.7072427+07:00","level":"INFO","msg":"request","request_id":"7e9f470d-ddae-4e72-95e4-f8c4781fcf62","method":"OPTIONS","path":"/api/v1/public/news","status":204,"duration_ms":0,"client_ip":"::1","tenant_id":"","user_id":""}
{"time":"2026-04-03T14:02:24.7087856+07:00","level":"INFO","msg":"request","request_id":"13bf31f5-d39c-43ba-b47f-c7339e0e1959","method":"OPTIONS","path":"/api/v1/my/balances","status":204,"duration_ms":0,"client_ip":"::1","tenant_id":"","user_id":""}
{"time":"2026-04-03T14:02:24.7087856+07:00","level":"INFO","msg":"request","request_id":"df12257c-986d-4e80-9ea4-4364bab34417","method":"OPTIONS","path":"/api/v1/profile","status":204,"duration_ms":0,"client_ip":"::1","tenant_id":"","user_id":""}
{"time":"2026-04-03T14:02:24.7087856+07:00","level":"INFO","msg":"request","request_id":"b2402de4-2906-4a8a-96d3-290e200dfd6a","method":"OPTIONS","path":"/api/v1/public/nav-menu/bottom_nav","status":204,"duration_ms":0,"client_ip":"::1","tenant_id":"","user_id":""}
{"time":"2026-04-03T14:02:24.7117163+07:00","level":"INFO","msg":"request","request_id":"37073500-cbe4-40c2-b4d8-27fbf00caf11","method":"GET","path":"/api/v1/public/nav-menu/header","status":404,"duration_ms":0,"client_ip":"::1","tenant_id":"","user_id":""}
{"time":"2026-04-03T14:02:24.7153035+07:00","level":"INFO","msg":"request","request_id":"4514c102-5c78-492a-a550-8ba05b05d321","method":"GET","path":"/api/v1/public/news","status":404,"duration_ms":0,"client_ip":"::1","tenant_id":"","user_id":""}
{"time":"2026-04-03T14:02:24.7164007+07:00","level":"INFO","msg":"request","request_id":"fb9d7972-64a3-4fe6-b499-abefb36447c9","method":"GET","path":"/api/v1/public/nav-menu/bottom_nav","status":404,"duration_ms":0,"client_ip":"::1","tenant_id":"","user_id":""}
{"time":"2026-04-03T14:02:24.7174526+07:00","level":"INFO","msg":"request","request_id":"436b166f-a818-487c-b2fa-84fe79f14da9","method":"GET","path":"/api/v1/public/nav-menu/header","status":404,"duration_ms":0,"client_ip":"::1","tenant_id":"","user_id":""}
{"time":"2026-04-03T14:02:24.7184987+07:00","level":"INFO","msg":"request","request_id":"59faa588-f815-41ea-9a8d-a85da320dc36","method":"GET","path":"/api/v1/public/news","status":404,"duration_ms":0,"client_ip":"::1","tenant_id":"","user_id":""}
{"time":"2026-04-03T14:02:24.7196828+07:00","level":"INFO","msg":"request","request_id":"5aa38cef-1c28-4991-bad6-919f8806d61a","method":"GET","path":"/api/v1/public/nav-menu/bottom_nav","status":404,"duration_ms":0,"client_ip":"::1","tenant_id":"","user_id":""}
{"time":"2026-04-03T14:02:24.7239071+07:00","level":"INFO","msg":"request","request_id":"cf18a548-dafc-4ddd-a36a-bb42870a754f","method":"OPTIONS","path":"/api/v1/public/popups","status":204,"duration_ms":0,"client_ip":"::1","tenant_id":"","user_id":""}
{"time":"2026-04-03T14:02:24.7249154+07:00","level":"INFO","msg":"request","request_id":"daf95713-5eec-4383-b008-caff02ae3f1c","method":"GET","path":"/api/v1/public/popups","status":200,"duration_ms":0,"client_ip":"::1","tenant_id":"","user_id":""}
{"time":"2026-04-03T14:02:24.7411227+07:00","level":"INFO","msg":"request","request_id":"966710f3-648f-42db-94ac-6b652e01b18e","method":"GET","path":"/api/v1/my/balances","status":200,"duration_ms":32,"client_ip":"::1","tenant_id":"00000000-0000-0000-0000-000000000001","user_id":"6337553b-69cc-44ce-a42e-f263ddd47b46"}
{"time":"2026-04-03T14:02:24.7411227+07:00","level":"INFO","msg":"request","request_id":"fecc92da-449d-4c8c-aacd-dc97bcb81c05","method":"GET","path":"/api/v1/profile","status":200,"duration_ms":31,"client_ip":"::1","tenant_id":"00000000-0000-0000-0000-000000000001","user_id":"6337553b-69cc-44ce-a42e-f263ddd47b46"}
{"time":"2026-04-03T14:02:24.7553762+07:00","level":"INFO","msg":"request","request_id":"5d583da0-62fc-4a23-ab18-5865cb6ba0bc","method":"GET","path":"/api/v1/public/lucky-draw","status":200,"duration_ms":42,"client_ip":"::1","tenant_id":"00000000-0000-0000-0000-000000000001","user_id":""}
{"time":"2026-04-03T14:02:24.7553762+07:00","level":"INFO","msg":"request","request_id":"914d7e21-ce63-46c4-ae10-144bcc6acfbe","method":"GET","path":"/api/v1/public/donations","status":200,"duration_ms":42,"client_ip":"::1","tenant_id":"00000000-0000-0000-0000-000000000001","user_id":""}
{"time":"2026-04-03T14:02:24.7629661+07:00","level":"INFO","msg":"request","request_id":"842f7667-5d46-4dff-a2ff-85804633e973","method":"GET","path":"/api/v1/my/balances","status":200,"duration_ms":20,"client_ip":"::1","tenant_id":"00000000-0000-0000-0000-000000000001","user_id":"6337553b-69cc-44ce-a42e-f263ddd47b46"}
{"time":"2026-04-03T14:02:24.7629661+07:00","level":"INFO","msg":"request","request_id":"09a7f398-279a-4b39-81f3-7e195331e093","method":"GET","path":"/api/v1/public/lucky-draw","status":200,"duration_ms":6,"client_ip":"::1","tenant_id":"00000000-0000-0000-0000-000000000001","user_id":""}
{"time":"2026-04-03T14:02:24.7629661+07:00","level":"INFO","msg":"request","request_id":"ab651330-320f-4ed0-8827-33c183cb997e","method":"GET","path":"/api/v1/public/donations","status":200,"duration_ms":5,"client_ip":"::1","tenant_id":"00000000-0000-0000-0000-000000000001","user_id":""}
{"time":"2026-04-03T14:02:24.7629661+07:00","level":"INFO","msg":"request","request_id":"d4df9066-51ac-44df-bbfc-b3754525bb73","method":"GET","path":"/api/v1/profile","status":200,"duration_ms":15,"client_ip":"::1","tenant_id":"00000000-0000-0000-0000-000000000001","user_id":"6337553b-69cc-44ce-a42e-f263ddd47b46"}
{"time":"2026-04-03T14:02:24.7711057+07:00","level":"INFO","msg":"request","request_id":"06c26435-78b0-49b5-a028-99df5c0177de","method":"GET","path":"/api/v1/my/balances","status":200,"duration_ms":5,"client_ip":"::1","tenant_id":"00000000-0000-0000-0000-000000000001","user_id":"6337553b-69cc-44ce-a42e-f263ddd47b46"}
{"time":"2026-04-03T14:02:24.7711057+07:00","level":"INFO","msg":"request","request_id":"05e2868c-f9c9-4912-b178-ecd556a524d1","method":"GET","path":"/api/v1/profile","status":200,"duration_ms":4,"client_ip":"::1","tenant_id":"00000000-0000-0000-0000-000000000001","user_id":"6337553b-69cc-44ce-a42e-f263ddd47b46"}
{"time":"2026-04-03T14:02:24.7711057+07:00","level":"INFO","msg":"request","request_id":"0a3ff009-0cc4-4aa8-a472-f52e7d393896","method":"GET","path":"/api/v1/public/rewards","status":200,"duration_ms":58,"client_ip":"::1","tenant_id":"00000000-0000-0000-0000-000000000001","user_id":""}
{"time":"2026-04-03T14:02:24.7800708+07:00","level":"INFO","msg":"request","request_id":"cac21cee-df08-42ec-9540-a50c09e61e3c","method":"GET","path":"/api/v1/my/balances","status":200,"duration_ms":7,"client_ip":"::1","tenant_id":"00000000-0000-0000-0000-000000000001","user_id":"6337553b-69cc-44ce-a42e-f263ddd47b46"}
{"time":"2026-04-03T14:02:24.7882124+07:00","level":"INFO","msg":"request","request_id":"0b031605-73db-43d3-9d84-c004dc1cec16","method":"GET","path":"/api/v1/profile","status":200,"duration_ms":15,"client_ip":"::1","tenant_id":"00000000-0000-0000-0000-000000000001","user_id":"6337553b-69cc-44ce-a42e-f263ddd47b46"}
{"time":"2026-04-03T14:02:24.8032501+07:00","level":"INFO","msg":"request","request_id":"0d784466-1db2-4608-9916-f73aee60a993","method":"GET","path":"/api/v1/public/rewards","status":200,"duration_ms":31,"client_ip":"::1","tenant_id":"00000000-0000-0000-0000-000000000001","user_id":""}
